POST /users/send 200 846 - 15.999 ms
POST /users/add 200 142 - 12.545 ms
GET /users/ 200 2 - 1.552 ms
GET /exercises/ - - - - ms
GET /exercises/ - - - - ms
GET /users/ 200 989 - 17.380 ms
GET /users/ 304 - - 3.858 ms
POST /users/add 200 245 - 16.753 ms
GET /users/ 304 - - 2.954 ms
GET /exercises/ - - - - ms
GET /users/ 304 - - 17.345 ms
POST /exercise 404 148 - 1.551 ms
POST /exercise/send 404 153 - 0.209 ms
POST /exercises/send 200 1282 - 39.362 ms
GET /exercises/ 404 286 - 3.201 ms
GET /exercises/ 404 286 - 0.393 ms
GET /users/ 304 - - 5.823 ms
POST /exercises/add 404 153 - 0.355 ms
GET /exercises/ 404 286 - 0.403 ms
GET /users/ 304 - - 4.326 ms
GET /exercises/ 404 286 - 0.270 ms
GET /users/ 304 - - 3.334 ms
GET /exercises/ 200 1282 - 17.506 ms
GET /exercises/ 304 - - 3.129 ms
GET /users/ 304 - - 20.214 ms
GET /users/ 304 - - 17.724 ms
POST /users/add 200 139 - 10.761 ms
GET /users/ 200 1129 - 5.193 ms
POST /exercises/add 200 547 - 25.704 ms
GET /exercises/ 304 - - 4.192 ms
GET /users/ 304 - - 4.890 ms
GET /exercises/ 304 - - 2.616 ms
GET /users/ 304 - - 3.584 ms
POST /exercises/add 200 215 - 3.287 ms
GET /exercises/ 200 1498 - 2.777 ms
GET /users/ 304 - - 3.466 ms
POST /exercises/add 200 554 - 1.252 ms
GET /exercises/ 304 - - 2.081 ms
GET /users/ 304 - - 19.500 ms
GET /exercises/ 304 - - 4.017 ms
GET /users/ 304 - - 4.767 ms
GET /exercises/ 304 - - 2.742 ms
DELETE /exercises/5da9d8c2416be0cb3ee7cbb1 404 176 - 2.625 ms
GET /exercises/ 304 - - 2.226 ms
DELETE /exercises/5da9d8c2416be0cb3ee7cbb1 404 176 - 0.903 ms
GET /exercises/ 304 - - 2.266 ms
DELETE /exercises/5da9d8c2416be0cb3ee7cbb1 200 31 - 16.379 ms
GET /exercises/ 200 1282 - 10.885 ms
DELETE /exercises/5da9d1432c4ec2c9c7601331 200 31 - 1.876 ms
GET /exercises/ 200 1070 - 2.265 ms
GET /exercises/5da9d1432c4ec2c9c7601330 200 211 - 5.404 ms
GET /users/ 304 - - 10.405 ms
POST /exercises/update/5da9d1432c4ec2c9c7601330 404 181 - 1.170 ms
GET /exercises/ 304 - - 3.600 ms
GET /users/ 304 - - 4.131 ms
GET /exercises/5da9d1432c4ec2c9c7601330 304 - - 4.349 ms
POST /exercises/update/5da9d1432c4ec2c9c7601330 404 181 - 0.146 ms
GET /exercises/ 304 - - 2.824 ms
GET /exercises/5da9d1432c4ec2c9c7601330 304 - - 1.735 ms
GET /users/ 304 - - 3.637 ms
POST /exercises/update/5da9d1432c4ec2c9c7601330 404 181 - 0.110 ms
GET /exercises/ 304 - - 2.097 ms
GET /exercises/5da9d1432c4ec2c9c7601332 200 212 - 18.524 ms
GET /users/ 304 - - 19.899 ms
POST /exercises/update/5da9d1432c4ec2c9c7601332 500 2994 - 2.477 ms
GET /exercises/ 304 - - 3.627 ms
GET /exercises/5da9d1432c4ec2c9c760132f 200 213 - 3.528 ms
GET /users/ 304 - - 4.913 ms
POST /exercises/update/5da9d1432c4ec2c9c760132f 500 2994 - 0.922 ms
GET /exercises/ 304 - - 2.297 ms
GET /users/ 304 - - 21.212 ms
GET /exercises/5da9d1432c4ec2c9c7601332 304 - - 20.287 ms
POST /exercises/update/5da9d1432c4ec2c9c7601332 - - - - ms
GET /exercises/ 200 1073 - 3.049 ms
